posenet/posenet/build/intermediates/manifest_merge_blame_file/debug/manifest-merger-blame-debug-report.txt
1<?xml version="1.0" encoding="utf-8"?>
2<manifest xmlns:android="http://schemas.android.com/apk/res/android"
3    package="org.tensorflow.lite.examples.posenet.lib" >
4
5    <uses-sdk
5-->src\main\AndroidManifest.xml:4:3-15
6        android:minSdkVersion="21"
6-->src\main\AndroidManifest.xml:4:3-15
7        android:targetSdkVersion="23" />
7-->src\main\AndroidManifest.xml:4:3-15
8
9</manifest>